<?xml version="1.0" ?><testsuite errors="0" failures="1" hostname="localhost" name="lettuce" tests="262" time="0" timestamp="2013-10-31T16:26:49"><testcase classname="Instance Discovering : Discovery with: No client_name, Valid search params and a default rule matching defined with bindings" name="| 0 | 0 | 0 | 0 | 0 | 0 |" time="9.4e-05"/><testcase classname="Instance Discovering : Discovery with: No client_name and invalid search params (Non existing params)" name="| 0 | 0 | 0 | 0 | 0 | 0 |" time="5.5e-05"/><testcase classname="Instance Discovering : Discovery with: No client_name and invalid search params (Params of other context)" name="| 0 | 0 | 0 | 0 | 0 | 0 |" time="5.1e-05"/><testcase classname="Instance Discovering : Discovery with: No client_name and inalid search params (empty_params)" name="| 0 | 0 | 0 | 0 | 0 | 0 | 0 | 0 |" time="5.5e-05"/><testcase classname="Instance Discovering : Discovery with: No client_name and inalid search params (empty_params)" name="| 0 | 0 | 0 | 0 | 0 | 0 | 0 | 1 |" time="0.00034"/><testcase classname="Instance Discovering : Discovery with: No client_name and inalid search params (empty_params)" name="| 0 | 0 | 0 | 0 | 0 | 0 | 0 | 2 |" time="0.000663"/><testcase classname="Instance Discovering : Discovery with: No client_name and inalid search params (empty_params)" name="| 0 | 0 | 0 | 0 | 0 | 0 | 0 | 3 |" time="6.5e-05"/><testcase classname="Instance Discovering : Discovery with: No client_name, Valid search params, a single default rule matching defined with bindings and deleted bindings" name="| 0 | 0 | 0 | 0 | 0 | 0 | 0 |" time="6.2e-05"/><testcase classname="Instance Discovering : Discovery with: No client_name, Valid search params, multiples default rule matching defined with bindings and deleted bindings" name="| 0 | 0 | 0 | 0 | 0 | 0 | 0 | 0 |" time="9.6e-05"/><testcase classname="Instance Discovering : Discovery with: No client_name, Valid search params, single default rule matching defined with empty bindings" name="| 0 | 0 | 0 | 0 | 0 | 0 | 0 |" time="0.000118"><failure message="Unexpected error code. Expected: SVC1006. Received: SVC2002."><![CDATA[Traceback (most recent call last):
  File "/usr/lib/python2.7/site-packages/lettuce/core.py", line 143, in __call__
    ret = self.function(self.step, *args, **kw)
  File "/home/vagrant/workspace/test/acceptance/src/e2e/binding_discovery/binding_discovery/steps.py", line 46, in i_get_an_error_response_of_type_with_error_code
    rest_utils.get_an_error_response_of_type_with_error_code(step, status_type, error_code)
  File "/home/vagrant/workspace/test/acceptance/src/e2e/common/rest_utils.py", line 494, in get_an_error_response_of_type_with_error_code
    % (expected_error_code, received_error_code)
AssertionError: Unexpected error code. Expected: SVC1006. Received: SVC2002.
]]></failure></testcase><testcase classname="Instance Discovering : Discovery with:  No client_name, Valid search params and non matching default rules" name="| 0 | 0 | 0 | 0 | 0 | 0 |" time="6.3e-05"/><testcase classname="Instance Discovering : Discovery with:  No client_name, Valid search params and no default rules" name="| 0 | 0 | 0 | 0 | 0 | 0 |" time="7.5e-05"/><testcase classname="Instance Discovering : Discovery with: Wrong client_name context" name="| 0 | 0 | 0 | 0 | 0 |" time="5.9e-05"/><testcase classname="Instance Discovering : Discovery without: missign params" name="| 0 | 0 | 0 | 0 | 0 |" time="6.1e-05"/><testcase classname="Instance Discovering : Discovery of an unexisting class_TDAFBA-689" name="| 0 | 0 | 0 | 0 |" time="0.000207"/><testcase classname="Instance Discovering : Discovery when the DB is down_TDAFBA-448" name="| 0 | 0 | 0 | 0 |" time="0.000107"/><testcase classname="Instance Discovering : Discovery with: client_name, Valid search params and multi rule matching defined with bindings" name="| 0 | 0 | 0 | 0 | 0 | all |" time="8.4e-05"/><testcase classname="Instance Discovering : Discovery with: client_name, Valid search params and multi rule not matching defined with bindings" name="| 0 | 0 | 0 | 0 | 0 | 0 | all |" time="5.9e-05"/><testcase classname="Instance Discovering : Discovery with: client_name, Valid search params and multi rule not matching defined with bindings" name="| 0 | 0 | 0 | 0 | 0 | 1 | all |" time="9.4e-05"/><testcase classname="Instance Discovering : Discovery with: client_name, Valid search params and multi rule and conflictive values in first rule" name="| 0 | 0 | 0 | 0 | 0 | 0 | all |" time="9.4e-05"/><testcase classname="Instance Discovering : Discovery with: client_name, Valid search params and multi rule and conflictive values in first rule" name="| 0 | 0 | 0 | 0 | 0 | 1 | all |" time="8.9e-05"/><testcase classname="Instance Discovering : Discovery with: client_name, Valid search params and multi groups all matching defined with bindings" name="| 0 | 0 | 0 | 0 | 0 | 0 |" time="7.3e-05"/><testcase classname="Instance Discovering : Discovery with: client_name, Valid search params and multi groups all matching defined with bindings" name="| 0 | 1 | 1 | 1 | 1 | 0 |" time="0.00012"/><testcase classname="Instance Discovering : Discovery with: client_name, Valid search params and multi groups all matching defined with bindings" name="| 0 | 2 | 2 | 2 | 2 | 0 |" time="0.000126"/><testcase classname="Instance Discovering : Discovery with: client_name, default, Valid search params and a matching rule defined with bindings ( Origin not existing)" name="| 0 | 0 | 0 | 0 | 0 | 0 | 0 |" time="0.000155"/><testcase classname="Instance Discovering : Discovery with: client_name, default, Valid search params and a matching rule defined with bindings ( Origin not included)" name="| 0 | 0 | 0 | 0 | 0 | 0 |" time="6.2e-05"/><testcase classname="Instance Discovering : Discovery with: client_name, Valid search params and multi groups all matching defined with bindings" name="| 0 | 0 | 0 | 0 | 0 | all |" time="6.8e-05"/><testcase classname="Instance Discovering : Discovery with: client_name, Valid search params and multi groups all matching defined with bindings" name="| 0 | 1 | 1 | 1 | 1 | all |" time="0.000109"/><testcase classname="Instance Discovering : Discovery with: client_name, Valid search params and multi groups all matching defined with bindings" name="| 0 | 2 | 2 | 2 | 2 | all |" time="0.000108"/></testsuite>